<?xml version="1.0" encoding="UTF-8"?>
<!-- Generated by org.testng.reporters.JUnitXMLReporter -->
<testsuite hostname="arsen-System-Product-Name" ignored="0" name="Login Test cases 01" tests="1" failures="1" timestamp="30 Oct 2017 13:57:29 GMT" time="13.26" errors="0">
  <testcase name="google_signin" time="13.236" classname="tests.Google_signin">
    <failure type="java.lang.NullPointerException">
      <![CDATA[java.lang.NullPointerException
	at tests.Google_signin.google_signin(Google_signin.java:33)
	at java.util.concurrent.FutureTask.run(FutureTask.java:266)
	at java.util.concurrent.ThreadPoolExecutor.runWorker(ThreadPoolExecutor.java:1149)
	at java.util.concurrent.ThreadPoolExecutor$Worker.run(ThreadPoolExecutor.java:624)
	at java.lang.Thread.run(Thread.java:748)
... Removed 16 stack frames]]>
    </failure>
  </testcase> <!-- google_signin -->
</testsuite> <!-- Login Test cases 01 -->
