<?xml version="1.0" encoding="UTF-8"?>
<!-- Generated by org.testng.reporters.JUnitXMLReporter -->
<testsuite hostname="arsen-System-Product-Name" ignored="0" name="Login Test cases 02" tests="15" failures="0" timestamp="30 Oct 2017 14:00:03 GMT" time="166.812" errors="0">
  <testcase name="sign_up_test" time="18.227" classname="tests.ActionTest"/>
  <testcase name="create_new_action_from_my_Actions" time="7.791" classname="tests.ActionTest"/>
  <testcase name="make_action_urgent" time="9.21" classname="tests.ActionTest"/>
  <testcase name="private_action" time="8.041" classname="tests.ActionTest"/>
  <testcase name="change_private_status" time="13.366" classname="tests.ActionTest"/>
  <testcase name="change_action_title_press_enter" time="9.725" classname="tests.ActionTest"/>
  <testcase name="change_action_title_click_close" time="10.285" classname="tests.ActionTest"/>
  <testcase name="create_new_label" time="9.319" classname="tests.ActionTest"/>
  <testcase name="add_link_to_action_title_and_click" time="12.088" classname="tests.ActionTest"/>
  <testcase name="create_new_subaction" time="10.069" classname="tests.ActionTest"/>
  <testcase name="go_to_subaction" time="9.392" classname="tests.ActionTest"/>
  <testcase name="create_subaction_url_in_title_and_click" time="10.315" classname="tests.ActionTest"/>
  <testcase name="complite_subaction" time="11.913" classname="tests.ActionTest"/>
  <testcase name="select_value_on_assignee_picker" time="9.511" classname="tests.ActionTest"/>
  <testcase name="Add_comment_to_action" time="17.542" classname="tests.ActionTest"/>
</testsuite> <!-- Login Test cases 02 -->
