<?xml version="1.0" encoding="UTF-8"?>
<!-- Generated by org.testng.reporters.JUnitXMLReporter -->
<testsuite hostname="arsen-System-Product-Name" ignored="0" name="Login Test cases 02" tests="12" failures="0" timestamp="02 Nov 2017 15:49:22 GMT" time="156.814" errors="0">
  <testcase name="google_signin" time="19.81" classname="tests.Project_Modal"/>
  <testcase name="sign_up_test" time="27.132" classname="tests.Project_Modal"/>
  <testcase name="create_new_project_everyone_status_view" time="9.486" classname="tests.Project_Modal"/>
  <testcase name="create_new_project_everyone_team_view" time="10.493" classname="tests.Project_Modal"/>
  <testcase name="create_new_project_everyone_calendar_view" time="9.364" classname="tests.Project_Modal"/>
  <testcase name="create_new_project_everyone_label_view" time="10.188" classname="tests.Project_Modal"/>
  <testcase name="create_new_project_everyone_Gantt_view" time="9.721" classname="tests.Project_Modal"/>
  <testcase name="create_group" time="8.516" classname="tests.Project_Modal"/>
  <testcase name="collapse_expand_group" time="8.356" classname="tests.Project_Modal"/>
  <testcase name="send_message" time="8.531" classname="tests.Project_Modal"/>
  <testcase name="action_template_create_plus_verify_deadlines" time="15.677" classname="tests.Project_Modal"/>
  <testcase name="action_with_project" time="19.52" classname="tests.Project_Modal"/>
</testsuite> <!-- Login Test cases 02 -->
