<?xml version="1.0" encoding="UTF-8"?>
<!-- Generated by org.testng.reporters.JUnitXMLReporter -->
<testsuite hostname="arsen-System-Product-Name" ignored="0" name="Login Test cases 01" tests="15" failures="0" timestamp="31 Oct 2017 13:21:30 GMT" time="172.163" errors="0">
  <testcase name="sign_up_test" time="27.355" classname="tests.ActionTest"/>
  <testcase name="create_new_action_from_my_Actions" time="8.339" classname="tests.ActionTest"/>
  <testcase name="make_action_urgent" time="9.574" classname="tests.ActionTest"/>
  <testcase name="private_action" time="9.005" classname="tests.ActionTest"/>
  <testcase name="change_private_status" time="10.418" classname="tests.ActionTest"/>
  <testcase name="change_action_title_press_enter" time="10.975" classname="tests.ActionTest"/>
  <testcase name="change_action_title_click_close" time="10.061" classname="tests.ActionTest"/>
  <testcase name="create_new_label" time="9.584" classname="tests.ActionTest"/>
  <testcase name="add_link_to_action_title_and_click" time="11.806" classname="tests.ActionTest"/>
  <testcase name="create_new_subaction" time="10.159" classname="tests.ActionTest"/>
  <testcase name="go_to_subaction" time="12.109" classname="tests.ActionTest"/>
  <testcase name="create_subaction_url_in_title_and_click" time="10.465" classname="tests.ActionTest"/>
  <testcase name="complite_subaction" time="13.002" classname="tests.ActionTest"/>
  <testcase name="select_value_on_assignee_picker" time="9.393" classname="tests.ActionTest"/>
  <testcase name="Add_comment_to_action" time="9.9" classname="tests.ActionTest"/>
</testsuite> <!-- Login Test cases 01 -->
