<?xml version="1.0" encoding="UTF-8"?>
<testsuite name="TestSuite" time="208.917" tests="27" errors="0" skipped="0" failures="1">
  <properties>
[...]
</properties>
  <testcase name="google_signin" classname="tests.Project_Modal" time="19.813"/>
  <testcase name="sign_up_test" classname="tests.ActionTest" time="3.397"/>
  <testcase name="create_new_action_from_my_Actions" classname="tests.ActionTest" time="16.694"/>
  <testcase name="sign_up_test" classname="tests.Project_Modal" time="7.038"/>
  <testcase name="make_action_urgent" classname="tests.ActionTest" time="3.567"/>
  <testcase name="create_new_project_everyone_status_view" classname="tests.Project_Modal" time="5.918"/>
  <testcase name="private_action" classname="tests.ActionTest" time="2.851"/>
  <testcase name="create_new_project_everyone_team_view" classname="tests.Project_Modal" time="7.644"/>
  <testcase name="change_private_status" classname="tests.ActionTest" time="2.318"/>
  <testcase name="create_new_project_everyone_calendar_view" classname="tests.Project_Modal" time="7.046"/>
  <testcase name="change_action_title_press_enter" classname="tests.ActionTest" time="3.716"/>
  <testcase name="create_new_project_everyone_label_view" classname="tests.Project_Modal" time="6.473"/>
  <testcase name="change_action_title_click_close" classname="tests.ActionTest" time="3.22"/>
  <testcase name="create_new_project_everyone_Gantt_view" classname="tests.Project_Modal" time="6.499"/>
  <testcase name="create_group" classname="tests.Project_Modal" time="8.518"/>
  <testcase name="create_new_label" classname="tests.ActionTest" time="4.483">
    <failure message="no such element: Unable to locate element: {&quot;method&quot;:&quot;xpath&quot;,&quot;selector&quot;:&quot;//span[@class=&apos;name&apos;][text()=&apos;QA&apos;]&quot;}&#10;  (Session info: chrome=62.0.3202.75)&#10;  (Driver info: chromedriver=2.33.506092 (733a02544d189eeb751fe0d7ddca79a0ee28cce4),platform=Linux 4.10.0-38-generic x86_64) (WARNING: The server did not provide any stacktrace information)&#10;Command duration or timeout: 0 milliseconds&#10;For documentation on this error, please visit: http://seleniumhq.org/exceptions/no_such_element.html&#10;Build info: version: &apos;3.6.0&apos;, revision: &apos;6fbf3ec767&apos;, time: &apos;2017-09-27T15:28:36.4Z&apos;&#10;System info: host: &apos;arsen-System-Product-Name&apos;, ip: &apos;127.0.1.1&apos;, os.name: &apos;Linux&apos;, os.arch: &apos;amd64&apos;, os.version: &apos;4.10.0-38-generic&apos;, java.version: &apos;1.8.0_131&apos;&#10;Driver info: org.openqa.selenium.chrome.ChromeDriver&#10;Capabilities [{mobileEmulationEnabled=false, hasTouchScreen=false, platform=LINUX, acceptSslCerts=true, webStorageEnabled=true, browserName=chrome, takesScreenshot=true, javascriptEnabled=true, platformName=LINUX, setWindowRect=true, unexpectedAlertBehaviour=, applicationCacheEnabled=false, rotatable=false, networkConnectionEnabled=false, chrome={chromedriverVersion=2.33.506092 (733a02544d189eeb751fe0d7ddca79a0ee28cce4), userDataDir=/tmp/.org.chromium.Chromium.aEkPEE}, takesHeapSnapshot=true, pageLoadStrategy=normal, unhandledPromptBehavior=, databaseEnabled=false, handlesAlerts=true, version=62.0.3202.75, browserConnectionEnabled=false, nativeEvents=true, locationContextEnabled=true, cssSelectorsEnabled=true}]&#10;Session ID: 73543e840f5cef8614ae00b86eff9fd2&#10;*** Element info: {Using=xpath, value=//span[@class=&apos;name&apos;][text()=&apos;QA&apos;]}" type="org.openqa.selenium.NoSuchElementException">org.openqa.selenium.NoSuchElementException: no such element: Unable to locate element: {"method":"xpath","selector":"//span[@class='name'][text()='QA']"}
  (Session info: chrome=62.0.3202.75)
  (Driver info: chromedriver=2.33.506092 (733a02544d189eeb751fe0d7ddca79a0ee28cce4),platform=Linux 4.10.0-38-generic x86_64) (WARNING: The server did not provide any stacktrace information)
Command duration or timeout: 0 milliseconds
For documentation on this error, please visit: http://seleniumhq.org/exceptions/no_such_element.html
Build info: version: '3.6.0', revision: '6fbf3ec767', time: '2017-09-27T15:28:36.4Z'
System info: host: 'arsen-System-Product-Name', ip: '127.0.1.1', os.name: 'Linux', os.arch: 'amd64', os.version: '4.10.0-38-generic', java.version: '1.8.0_131'
Driver info: org.openqa.selenium.chrome.ChromeDriver
Capabilities [{mobileEmulationEnabled=false, hasTouchScreen=false, platform=LINUX, acceptSslCerts=true, webStorageEnabled=true, browserName=chrome, takesScreenshot=true, javascriptEnabled=true, platformName=LINUX, setWindowRect=true, unexpectedAlertBehaviour=, applicationCacheEnabled=false, rotatable=false, networkConnectionEnabled=false, chrome={chromedriverVersion=2.33.506092 (733a02544d189eeb751fe0d7ddca79a0ee28cce4), userDataDir=/tmp/.org.chromium.Chromium.aEkPEE}, takesHeapSnapshot=true, pageLoadStrategy=normal, unhandledPromptBehavior=, databaseEnabled=false, handlesAlerts=true, version=62.0.3202.75, browserConnectionEnabled=false, nativeEvents=true, locationContextEnabled=true, cssSelectorsEnabled=true}]
Session ID: 73543e840f5cef8614ae00b86eff9fd2
*** Element info: {Using=xpath, value=//span[@class='name'][text()='QA']}
	at sun.reflect.NativeConstructorAccessorImpl.newInstance0(Native Method)
	at sun.reflect.NativeConstructorAccessorImpl.newInstance(NativeConstructorAccessorImpl.java:62)
	at sun.reflect.DelegatingConstructorAccessorImpl.newInstance(DelegatingConstructorAccessorImpl.java:45)
	at java.lang.reflect.Constructor.newInstance(Constructor.java:423)
	at org.openqa.selenium.remote.ErrorHandler.createThrowable(ErrorHandler.java:214)
	at org.openqa.selenium.remote.ErrorHandler.throwIfResponseFailed(ErrorHandler.java:166)
	at org.openqa.selenium.remote.http.JsonHttpResponseCodec.reconstructValue(JsonHttpResponseCodec.java:40)
	at org.openqa.selenium.remote.http.AbstractHttpResponseCodec.decode(AbstractHttpResponseCodec.java:82)
	at org.openqa.selenium.remote.http.AbstractHttpResponseCodec.decode(AbstractHttpResponseCodec.java:45)
	at org.openqa.selenium.remote.HttpCommandExecutor.execute(HttpCommandExecutor.java:164)
	at org.openqa.selenium.remote.service.DriverCommandExecutor.execute(DriverCommandExecutor.java:83)
	at org.openqa.selenium.remote.RemoteWebDriver.execute(RemoteWebDriver.java:586)
	at org.openqa.selenium.remote.RemoteWebDriver.findElement(RemoteWebDriver.java:356)
	at org.openqa.selenium.remote.RemoteWebDriver.findElementByXPath(RemoteWebDriver.java:458)
	at org.openqa.selenium.By$ByXPath.findElement(By.java:361)
	at org.openqa.selenium.remote.RemoteWebDriver.findElement(RemoteWebDriver.java:348)
	at tests.ActionTest.create_new_label(ActionTest.java:168)
</failure>
    <system-out><![CDATA[TEST: collapse_expand_group
login to Hive
]]></system-out>
    <system-err><![CDATA[Starting ChromeDriver 2.33.506092 (733a02544d189eeb751fe0d7ddca79a0ee28cce4) on port 9653
Only local connections are allowed.
Nov 02, 2017 5:48:31 PM org.openqa.selenium.remote.ProtocolHandshake createSession
INFO: Detected dialect: OSS
]]></system-err>
  </testcase>
  <testcase name="collapse_expand_group" classname="tests.Project_Modal" time="3.872"/>
  <testcase name="add_link_to_action_title_and_click" classname="tests.ActionTest" time="7.935"/>
  <testcase name="send_message" classname="tests.Project_Modal" time="0.599"/>
  <testcase name="create_new_subaction" classname="tests.ActionTest" time="10.205"/>
  <testcase name="action_template_create_plus_verify_deadlines" classname="tests.Project_Modal" time="5.471"/>
  <testcase name="go_to_subaction" classname="tests.ActionTest" time="4.556"/>
  <testcase name="action_with_project" classname="tests.Project_Modal" time="14.962"/>
  <testcase name="create_subaction_url_in_title_and_click" classname="tests.ActionTest" time="20.331"/>
  <testcase name="complite_subaction" classname="tests.ActionTest" time="12.915"/>
  <testcase name="select_value_on_assignee_picker" classname="tests.ActionTest" time="9.979"/>
  <testcase name="Add_comment_to_action" classname="tests.ActionTest" time="8.897"/>
</testsuite>